
*** Running vivado
    with args -log top_stopwatch.vds -m64 -product Vivado -mode batch -messageDb vivado.pb -notrace -source top_stopwatch.tcl



****** Vivado v2020.2 (64-bit)
  **** SW Build 3064766 on Wed Nov 18 09:12:45 MST 2020
  **** IP Build 3064653 on Wed Nov 18 14:17:31 MST 2020
    ** Copyright 1986-2020 Xilinx, Inc. All Rights Reserved.

source top_stopwatch.tcl -notrace
Command: synth_design -top top_stopwatch -part xc7a35tcpg236-1
Starting synth_design
Attempting to get a license for feature 'Synthesis' and/or device 'xc7a35t'
INFO: [Common 17-349] Got license for feature 'Synthesis' and/or device 'xc7a35t'
INFO: [Device 21-403] Loading part xc7a35tcpg236-1
INFO: [Synth 8-7079] Multithreading enabled for synth_design using a maximum of 2 processes.
INFO: [Synth 8-7078] Launching helper process for spawning children vivado processes
INFO: [Synth 8-7075] Helper process launched with PID 17152
---------------------------------------------------------------------------------
Starting RTL Elaboration : Time (s): cpu = 00:00:04 ; elapsed = 00:00:04 . Memory (MB): peak = 1135.520 ; gain = 0.000
---------------------------------------------------------------------------------
INFO: [Synth 8-6157] synthesizing module 'top_stopwatch' [C:/250316_plz/project_1/project_1.srcs/sources_1/new/top.v:3]
INFO: [Synth 8-6157] synthesizing module 'btn_debounce' [C:/250316_plz/project_1/project_1.srcs/sources_1/new/btn.v:1]
INFO: [Synth 8-6155] done synthesizing module 'btn_debounce' (1#1) [C:/250316_plz/project_1/project_1.srcs/sources_1/new/btn.v:1]
INFO: [Synth 8-6157] synthesizing module 'fsm_controller' [C:/250316_plz/project_1/project_1.srcs/sources_1/new/fsm.v:1]
	Parameter STATE_0 bound to: 2'b00 
	Parameter STATE_1 bound to: 2'b01 
	Parameter STATE_2 bound to: 2'b10 
	Parameter STATE_3 bound to: 2'b11 
INFO: [Synth 8-6155] done synthesizing module 'fsm_controller' (2#1) [C:/250316_plz/project_1/project_1.srcs/sources_1/new/fsm.v:1]
INFO: [Synth 8-6157] synthesizing module 'stopwatch_cu' [C:/250316_plz/project_1/project_1.srcs/sources_1/new/cu.v:6]
	Parameter STOP bound to: 2'b00 
	Parameter RUN bound to: 2'b01 
	Parameter CLEAR bound to: 2'b10 
WARNING: [Synth 8-6090] variable 'o_run' is written by both blocking and non-blocking assignments, entire logic could be removed [C:/250316_plz/project_1/project_1.srcs/sources_1/new/cu.v:50]
WARNING: [Synth 8-6090] variable 'o_clear' is written by both blocking and non-blocking assignments, entire logic could be removed [C:/250316_plz/project_1/project_1.srcs/sources_1/new/cu.v:51]
WARNING: [Synth 8-6090] variable 'o_run' is written by both blocking and non-blocking assignments, entire logic could be removed [C:/250316_plz/project_1/project_1.srcs/sources_1/new/cu.v:54]
WARNING: [Synth 8-6090] variable 'o_clear' is written by both blocking and non-blocking assignments, entire logic could be removed [C:/250316_plz/project_1/project_1.srcs/sources_1/new/cu.v:55]
WARNING: [Synth 8-6090] variable 'o_clear' is written by both blocking and non-blocking assignments, entire logic could be removed [C:/250316_plz/project_1/project_1.srcs/sources_1/new/cu.v:59]
WARNING: [Synth 8-6090] variable 'o_run' is written by both blocking and non-blocking assignments, entire logic could be removed [C:/250316_plz/project_1/project_1.srcs/sources_1/new/cu.v:62]
WARNING: [Synth 8-6090] variable 'o_clear' is written by both blocking and non-blocking assignments, entire logic could be removed [C:/250316_plz/project_1/project_1.srcs/sources_1/new/cu.v:63]
INFO: [Synth 8-6155] done synthesizing module 'stopwatch_cu' (3#1) [C:/250316_plz/project_1/project_1.srcs/sources_1/new/cu.v:6]
INFO: [Synth 8-6157] synthesizing module 'stopwatch_dp' [C:/250316_plz/project_1/project_1.srcs/sources_1/new/dp.v:4]
INFO: [Synth 8-6157] synthesizing module 'time_counter' [C:/250316_plz/project_1/project_1.srcs/sources_1/new/dp.v:74]
	Parameter TICK_COUNT bound to: 100 - type: integer 
INFO: [Synth 8-6155] done synthesizing module 'time_counter' (4#1) [C:/250316_plz/project_1/project_1.srcs/sources_1/new/dp.v:74]
INFO: [Synth 8-6157] synthesizing module 'time_counter__parameterized0' [C:/250316_plz/project_1/project_1.srcs/sources_1/new/dp.v:74]
	Parameter TICK_COUNT bound to: 60 - type: integer 
INFO: [Synth 8-6155] done synthesizing module 'time_counter__parameterized0' (4#1) [C:/250316_plz/project_1/project_1.srcs/sources_1/new/dp.v:74]
WARNING: [Synth 8-689] width (6) of port connection 'o_time' does not match port width (7) of module 'time_counter__parameterized0' [C:/250316_plz/project_1/project_1.srcs/sources_1/new/dp.v:37]
WARNING: [Synth 8-689] width (6) of port connection 'o_time' does not match port width (7) of module 'time_counter__parameterized0' [C:/250316_plz/project_1/project_1.srcs/sources_1/new/dp.v:47]
INFO: [Synth 8-6157] synthesizing module 'time_counter__parameterized1' [C:/250316_plz/project_1/project_1.srcs/sources_1/new/dp.v:74]
	Parameter TICK_COUNT bound to: 24 - type: integer 
INFO: [Synth 8-6155] done synthesizing module 'time_counter__parameterized1' (4#1) [C:/250316_plz/project_1/project_1.srcs/sources_1/new/dp.v:74]
WARNING: [Synth 8-689] width (5) of port connection 'o_time' does not match port width (7) of module 'time_counter__parameterized1' [C:/250316_plz/project_1/project_1.srcs/sources_1/new/dp.v:57]
INFO: [Synth 8-6157] synthesizing module 'clk_div_100' [C:/250316_plz/project_1/project_1.srcs/sources_1/new/dp.v:115]
	Parameter FCOUNT bound to: 5000000 - type: integer 
INFO: [Synth 8-6155] done synthesizing module 'clk_div_100' (5#1) [C:/250316_plz/project_1/project_1.srcs/sources_1/new/dp.v:115]
INFO: [Synth 8-6155] done synthesizing module 'stopwatch_dp' (6#1) [C:/250316_plz/project_1/project_1.srcs/sources_1/new/dp.v:4]
INFO: [Synth 8-6157] synthesizing module 'clock' [C:/250316_plz/project_1/project_1.srcs/sources_1/new/clock.v:3]
INFO: [Synth 8-6155] done synthesizing module 'clock' (7#1) [C:/250316_plz/project_1/project_1.srcs/sources_1/new/clock.v:3]
INFO: [Synth 8-6157] synthesizing module 'display_mux' [C:/250316_plz/project_1/project_1.srcs/sources_1/new/display.v:1]
INFO: [Synth 8-226] default block is never used [C:/250316_plz/project_1/project_1.srcs/sources_1/new/display.v:16]
INFO: [Synth 8-6155] done synthesizing module 'display_mux' (8#1) [C:/250316_plz/project_1/project_1.srcs/sources_1/new/display.v:1]
INFO: [Synth 8-6157] synthesizing module 'fnd_controller' [C:/250316_plz/project_1/project_1.srcs/sources_1/new/fnd.v:1]
INFO: [Synth 8-6157] synthesizing module 'clk_divider' [C:/250316_plz/project_1/project_1.srcs/sources_1/new/fnd.v:153]
	Parameter FCOUNT bound to: 100000 - type: integer 
INFO: [Synth 8-6155] done synthesizing module 'clk_divider' (9#1) [C:/250316_plz/project_1/project_1.srcs/sources_1/new/fnd.v:153]
INFO: [Synth 8-6157] synthesizing module 'counter_8' [C:/250316_plz/project_1/project_1.srcs/sources_1/new/fnd.v:186]
INFO: [Synth 8-6155] done synthesizing module 'counter_8' (10#1) [C:/250316_plz/project_1/project_1.srcs/sources_1/new/fnd.v:186]
INFO: [Synth 8-6157] synthesizing module 'decoder_3x8' [C:/250316_plz/project_1/project_1.srcs/sources_1/new/fnd.v:208]
INFO: [Synth 8-226] default block is never used [C:/250316_plz/project_1/project_1.srcs/sources_1/new/fnd.v:214]
INFO: [Synth 8-6155] done synthesizing module 'decoder_3x8' (11#1) [C:/250316_plz/project_1/project_1.srcs/sources_1/new/fnd.v:208]
INFO: [Synth 8-6157] synthesizing module 'digit_splitter' [C:/250316_plz/project_1/project_1.srcs/sources_1/new/fnd.v:231]
	Parameter BIT_WIDTH bound to: 7 - type: integer 
INFO: [Synth 8-6155] done synthesizing module 'digit_splitter' (12#1) [C:/250316_plz/project_1/project_1.srcs/sources_1/new/fnd.v:231]
INFO: [Synth 8-6157] synthesizing module 'digit_splitter__parameterized0' [C:/250316_plz/project_1/project_1.srcs/sources_1/new/fnd.v:231]
	Parameter BIT_WIDTH bound to: 6 - type: integer 
INFO: [Synth 8-6155] done synthesizing module 'digit_splitter__parameterized0' (12#1) [C:/250316_plz/project_1/project_1.srcs/sources_1/new/fnd.v:231]
INFO: [Synth 8-6157] synthesizing module 'digit_splitter__parameterized1' [C:/250316_plz/project_1/project_1.srcs/sources_1/new/fnd.v:231]
	Parameter BIT_WIDTH bound to: 5 - type: integer 
INFO: [Synth 8-6155] done synthesizing module 'digit_splitter__parameterized1' (12#1) [C:/250316_plz/project_1/project_1.srcs/sources_1/new/fnd.v:231]
INFO: [Synth 8-6157] synthesizing module 'bcdtoseg' [C:/250316_plz/project_1/project_1.srcs/sources_1/new/fnd.v:303]
INFO: [Synth 8-226] default block is never used [C:/250316_plz/project_1/project_1.srcs/sources_1/new/fnd.v:308]
INFO: [Synth 8-6155] done synthesizing module 'bcdtoseg' (13#1) [C:/250316_plz/project_1/project_1.srcs/sources_1/new/fnd.v:303]
INFO: [Synth 8-6155] done synthesizing module 'fnd_controller' (14#1) [C:/250316_plz/project_1/project_1.srcs/sources_1/new/fnd.v:1]
INFO: [Synth 8-6155] done synthesizing module 'top_stopwatch' (15#1) [C:/250316_plz/project_1/project_1.srcs/sources_1/new/top.v:3]
---------------------------------------------------------------------------------
Finished RTL Elaboration : Time (s): cpu = 00:00:05 ; elapsed = 00:00:06 . Memory (MB): peak = 1135.520 ; gain = 0.000
---------------------------------------------------------------------------------
---------------------------------------------------------------------------------
Start Handling Custom Attributes
---------------------------------------------------------------------------------
---------------------------------------------------------------------------------
Finished Handling Custom Attributes : Time (s): cpu = 00:00:05 ; elapsed = 00:00:06 . Memory (MB): peak = 1135.520 ; gain = 0.000
---------------------------------------------------------------------------------
---------------------------------------------------------------------------------
Finished RTL Optimization Phase 1 : Time (s): cpu = 00:00:05 ; elapsed = 00:00:06 . Memory (MB): peak = 1135.520 ; gain = 0.000
---------------------------------------------------------------------------------
Netlist sorting complete. Time (s): cpu = 00:00:00 ; elapsed = 00:00:00.004 . Memory (MB): peak = 1135.520 ; gain = 0.000
INFO: [Project 1-570] Preparing netlist for logic optimization

Processing XDC Constraints
Initializing timing engine
Parsing XDC File [C:/Users/parkj/Desktop/Basys-3-Master.xdc]
Finished Parsing XDC File [C:/Users/parkj/Desktop/Basys-3-Master.xdc]
INFO: [Project 1-236] Implementation specific constraints were found while reading constraint file [C:/Users/parkj/Desktop/Basys-3-Master.xdc]. These constraints will be ignored for synthesis but will be used in implementation. Impacted constraints are listed in the file [.Xil/top_stopwatch_propImpl.xdc].
Resolution: To avoid this warning, move constraints listed in [.Xil/top_stopwatch_propImpl.xdc] to another XDC file and exclude this new file from synthesis with the used_in_synthesis property (File Properties dialog in GUI) and re-run elaboration/synthesis.
Completed Processing XDC Constraints

Netlist sorting complete. Time (s): cpu = 00:00:00 ; elapsed = 00:00:00 . Memory (MB): peak = 1236.324 ; gain = 0.000
INFO: [Project 1-111] Unisim Transformation Summary:
No Unisim elements were transformed.

Constraint Validation Runtime : Time (s): cpu = 00:00:00 ; elapsed = 00:00:00.004 . Memory (MB): peak = 1236.324 ; gain = 0.000
---------------------------------------------------------------------------------
Finished Constraint Validation : Time (s): cpu = 00:00:11 ; elapsed = 00:00:12 . Memory (MB): peak = 1236.324 ; gain = 100.805
---------------------------------------------------------------------------------
---------------------------------------------------------------------------------
Start Loading Part and Timing Information
---------------------------------------------------------------------------------
Loading part: xc7a35tcpg236-1
---------------------------------------------------------------------------------
Finished Loading Part and Timing Information : Time (s): cpu = 00:00:11 ; elapsed = 00:00:13 . Memory (MB): peak = 1236.324 ; gain = 100.805
---------------------------------------------------------------------------------
---------------------------------------------------------------------------------
Start Applying 'set_property' XDC Constraints
---------------------------------------------------------------------------------
---------------------------------------------------------------------------------
Finished applying 'set_property' XDC Constraints : Time (s): cpu = 00:00:11 ; elapsed = 00:00:13 . Memory (MB): peak = 1236.324 ; gain = 100.805
---------------------------------------------------------------------------------
INFO: [Synth 8-802] inferred FSM for state register 'state_reg' in module 'stopwatch_cu'
---------------------------------------------------------------------------------------------------
                   State |                     New Encoding |                Previous Encoding 
---------------------------------------------------------------------------------------------------
                    STOP |                              001 |                               00
                     RUN |                              010 |                               01
                   CLEAR |                              100 |                               10
---------------------------------------------------------------------------------------------------
INFO: [Synth 8-3354] encoded FSM with state register 'state_reg' using encoding 'one-hot' in module 'stopwatch_cu'
---------------------------------------------------------------------------------
Finished RTL Optimization Phase 2 : Time (s): cpu = 00:00:12 ; elapsed = 00:00:13 . Memory (MB): peak = 1236.324 ; gain = 100.805
---------------------------------------------------------------------------------
---------------------------------------------------------------------------------
Start RTL Component Statistics 
---------------------------------------------------------------------------------
Detailed RTL Component Info : 
+---Adders : 
	   2 Input   25 Bit       Adders := 1     
	   2 Input   23 Bit       Adders := 1     
	   2 Input   17 Bit       Adders := 1     
	   2 Input    7 Bit       Adders := 2     
	   2 Input    6 Bit       Adders := 4     
	   2 Input    5 Bit       Adders := 2     
	   2 Input    3 Bit       Adders := 1     
+---Registers : 
	               25 Bit    Registers := 1     
	               23 Bit    Registers := 1     
	               17 Bit    Registers := 1     
	                8 Bit    Registers := 4     
	                7 Bit    Registers := 2     
	                6 Bit    Registers := 4     
	                5 Bit    Registers := 2     
	                3 Bit    Registers := 1     
	                2 Bit    Registers := 1     
	                1 Bit    Registers := 15    
+---Muxes : 
	   2 Input   23 Bit        Muxes := 2     
	   2 Input   17 Bit        Muxes := 1     
	   2 Input    7 Bit        Muxes := 4     
	   5 Input    7 Bit        Muxes := 1     
	   2 Input    6 Bit        Muxes := 8     
	   2 Input    5 Bit        Muxes := 4     
	   8 Input    4 Bit        Muxes := 1     
	   4 Input    4 Bit        Muxes := 4     
	   3 Input    3 Bit        Muxes := 1     
	   2 Input    3 Bit        Muxes := 4     
	   4 Input    2 Bit        Muxes := 1     
	   2 Input    2 Bit        Muxes := 2     
	   4 Input    1 Bit        Muxes := 2     
	   3 Input    1 Bit        Muxes := 3     
	   2 Input    1 Bit        Muxes := 9     
	   5 Input    1 Bit        Muxes := 1     
---------------------------------------------------------------------------------
Finished RTL Component Statistics 
---------------------------------------------------------------------------------
---------------------------------------------------------------------------------
Start Part Resource Summary
---------------------------------------------------------------------------------
Part Resources:
DSPs: 90 (col length:60)
BRAMs: 100 (col length: RAMB18 60 RAMB36 30)
---------------------------------------------------------------------------------
Finished Part Resource Summary
---------------------------------------------------------------------------------
---------------------------------------------------------------------------------
Start Cross Boundary and Area Optimization
---------------------------------------------------------------------------------
---------------------------------------------------------------------------------
Finished Cross Boundary and Area Optimization : Time (s): cpu = 00:00:17 ; elapsed = 00:00:18 . Memory (MB): peak = 1236.324 ; gain = 100.805
---------------------------------------------------------------------------------
---------------------------------------------------------------------------------
Start Applying XDC Timing Constraints
---------------------------------------------------------------------------------
---------------------------------------------------------------------------------
Finished Applying XDC Timing Constraints : Time (s): cpu = 00:00:22 ; elapsed = 00:00:24 . Memory (MB): peak = 1236.324 ; gain = 100.805
---------------------------------------------------------------------------------
---------------------------------------------------------------------------------
Start Timing Optimization
---------------------------------------------------------------------------------
---------------------------------------------------------------------------------
Finished Timing Optimization : Time (s): cpu = 00:00:24 ; elapsed = 00:00:26 . Memory (MB): peak = 1282.465 ; gain = 146.945
---------------------------------------------------------------------------------
---------------------------------------------------------------------------------
Start Technology Mapping
---------------------------------------------------------------------------------
---------------------------------------------------------------------------------
Finished Technology Mapping : Time (s): cpu = 00:00:24 ; elapsed = 00:00:26 . Memory (MB): peak = 1283.512 ; gain = 147.992
---------------------------------------------------------------------------------
---------------------------------------------------------------------------------
Start IO Insertion
---------------------------------------------------------------------------------
---------------------------------------------------------------------------------
Start Flattening Before IO Insertion
---------------------------------------------------------------------------------
---------------------------------------------------------------------------------
Finished Flattening Before IO Insertion
---------------------------------------------------------------------------------
---------------------------------------------------------------------------------
Start Final Netlist Cleanup
---------------------------------------------------------------------------------
---------------------------------------------------------------------------------
Finished Final Netlist Cleanup
---------------------------------------------------------------------------------
---------------------------------------------------------------------------------
Finished IO Insertion : Time (s): cpu = 00:00:27 ; elapsed = 00:00:29 . Memory (MB): peak = 1286.301 ; gain = 150.781
---------------------------------------------------------------------------------
---------------------------------------------------------------------------------
Start Renaming Generated Instances
---------------------------------------------------------------------------------
---------------------------------------------------------------------------------
Finished Renaming Generated Instances : Time (s): cpu = 00:00:27 ; elapsed = 00:00:29 . Memory (MB): peak = 1286.301 ; gain = 150.781
---------------------------------------------------------------------------------
---------------------------------------------------------------------------------
Start Rebuilding User Hierarchy
---------------------------------------------------------------------------------
---------------------------------------------------------------------------------
Finished Rebuilding User Hierarchy : Time (s): cpu = 00:00:27 ; elapsed = 00:00:29 . Memory (MB): peak = 1286.301 ; gain = 150.781
---------------------------------------------------------------------------------
---------------------------------------------------------------------------------
Start Renaming Generated Ports
---------------------------------------------------------------------------------
---------------------------------------------------------------------------------
Finished Renaming Generated Ports : Time (s): cpu = 00:00:27 ; elapsed = 00:00:29 . Memory (MB): peak = 1286.301 ; gain = 150.781
---------------------------------------------------------------------------------
---------------------------------------------------------------------------------
Start Handling Custom Attributes
---------------------------------------------------------------------------------
---------------------------------------------------------------------------------
Finished Handling Custom Attributes : Time (s): cpu = 00:00:27 ; elapsed = 00:00:29 . Memory (MB): peak = 1286.301 ; gain = 150.781
---------------------------------------------------------------------------------
---------------------------------------------------------------------------------
Start Renaming Generated Nets
---------------------------------------------------------------------------------
---------------------------------------------------------------------------------
Finished Renaming Generated Nets : Time (s): cpu = 00:00:27 ; elapsed = 00:00:29 . Memory (MB): peak = 1286.301 ; gain = 150.781
---------------------------------------------------------------------------------
---------------------------------------------------------------------------------
Start Writing Synthesis Report
---------------------------------------------------------------------------------

Report BlackBoxes: 
+-+--------------+----------+
| |BlackBox name |Instances |
+-+--------------+----------+
+-+--------------+----------+

Report Cell Usage: 
+------+-------+------+
|      |Cell   |Count |
+------+-------+------+
|1     |BUFG   |     1|
|2     |CARRY4 |    48|
|3     |LUT1   |     3|
|4     |LUT2   |    91|
|5     |LUT3   |   161|
|6     |LUT4   |    31|
|7     |LUT5   |    47|
|8     |LUT6   |    82|
|9     |FDCE   |   280|
|10    |FDPE   |     1|
|11    |IBUF   |     8|
|12    |OBUF   |    16|
+------+-------+------+
---------------------------------------------------------------------------------
Finished Writing Synthesis Report : Time (s): cpu = 00:00:27 ; elapsed = 00:00:29 . Memory (MB): peak = 1286.301 ; gain = 150.781
---------------------------------------------------------------------------------
Synthesis finished with 0 errors, 0 critical warnings and 0 warnings.
Synthesis Optimization Runtime : Time (s): cpu = 00:00:20 ; elapsed = 00:00:27 . Memory (MB): peak = 1286.301 ; gain = 49.977
Synthesis Optimization Complete : Time (s): cpu = 00:00:27 ; elapsed = 00:00:29 . Memory (MB): peak = 1286.301 ; gain = 150.781
INFO: [Project 1-571] Translating synthesized netlist
Netlist sorting complete. Time (s): cpu = 00:00:00 ; elapsed = 00:00:00.003 . Memory (MB): peak = 1298.375 ; gain = 0.000
INFO: [Netlist 29-17] Analyzing 48 Unisim elements for replacement
INFO: [Netlist 29-28] Unisim Transformation completed in 0 CPU seconds
INFO: [Project 1-570] Preparing netlist for logic optimization
INFO: [Opt 31-138] Pushed 0 inverter(s) to 0 load pin(s).
Netlist sorting complete. Time (s): cpu = 00:00:00 ; elapsed = 00:00:00 . Memory (MB): peak = 1299.336 ; gain = 0.000
INFO: [Project 1-111] Unisim Transformation Summary:
No Unisim elements were transformed.

INFO: [Common 17-83] Releasing license: Synthesis
58 Infos, 10 Warnings, 0 Critical Warnings and 0 Errors encountered.
synth_design completed successfully
synth_design: Time (s): cpu = 00:00:32 ; elapsed = 00:00:36 . Memory (MB): peak = 1299.336 ; gain = 163.816
INFO: [Common 17-1381] The checkpoint 'C:/250316_plz/project_1/project_1.runs/synth_1/top_stopwatch.dcp' has been generated.
INFO: [runtcl-4] Executing : report_utilization -file top_stopwatch_utilization_synth.rpt -pb top_stopwatch_utilization_synth.pb
INFO: [Common 17-206] Exiting Vivado at Sun Mar 16 07:01:35 2025...
